<?xml version="1.0" encoding="UTF-8"?>
<!-- Generated by org.testng.reporters.JUnitXMLReporter -->
<testsuite hostname="Naresh-HP" ignored="0" name="Default test" tests="6" failures="0" timestamp="2020-06-16T10:43:30 PDT" time="4.145" errors="0">
  <testcase name="login" time="0.429" classname="com.tekarch.testcases.CalculatorTC"/>
  <testcase name="openCalculatorTab" time="1.361" classname="com.tekarch.testcases.CalculatorTC"/>
  <testcase name="checkAddition" time="0.849" classname="com.tekarch.testcases.CalculatorTC"/>
  <testcase name="checkSubtraction" time="0.277" classname="com.tekarch.testcases.CalculatorTC"/>
  <testcase name="checkMultiplication" time="0.24" classname="com.tekarch.testcases.CalculatorTC"/>
  <testcase name="checkDivision" time="0.268" classname="com.tekarch.testcases.CalculatorTC"/>
</testsuite> <!-- Default test -->
