<?xml version="1.0" encoding="UTF-8"?>
<!-- Generated by org.testng.reporters.JUnitXMLReporter -->
<testsuite hostname="Naresh-HP" ignored="0" name="CalculatorTest" tests="4" failures="0" timestamp="2020-06-16T02:09:18 PDT" time="1.673" errors="0">
  <testcase name="checkAddition" time="0.825" classname="com.tekarch.testcases.CalculatorTC"/>
  <testcase name="checkSubtraction" time="0.272" classname="com.tekarch.testcases.CalculatorTC"/>
  <testcase name="checkMultiplication" time="0.243" classname="com.tekarch.testcases.CalculatorTC"/>
  <testcase name="checkDivision" time="0.289" classname="com.tekarch.testcases.CalculatorTC"/>
</testsuite> <!-- CalculatorTest -->
