<?xml version="1.0" encoding="UTF-8"?>
<!-- Generated by org.testng.reporters.JUnitXMLReporter -->
<testsuite hostname="Naresh-HP" ignored="5" name="Login" tests="6" failures="0" timestamp="2020-06-16T10:57:41 PDT" time="4.605" errors="0">
  <testcase name="checkValidLogin" time="1.518" classname="com.tekarch.testcases.LoginTC"/>
  <testcase name="openCalculatorTab" time="0.146" classname="com.tekarch.testcases.CalculatorTC"/>
  <testcase name="checkAddition" time="0.845" classname="com.tekarch.testcases.CalculatorTC"/>
  <testcase name="checkSubtraction" time="0.297" classname="com.tekarch.testcases.CalculatorTC"/>
  <testcase name="checkMultiplication" time="0.327" classname="com.tekarch.testcases.CalculatorTC"/>
  <testcase name="checkDivision" time="0.297" classname="com.tekarch.testcases.CalculatorTC"/>
  <testcase name="login" time="0.0" classname="com.tekarch.testcases.CalculatorTC">
    <ignored/>
  </testcase> <!-- login -->
  <testcase name="checkInvalidLogin" time="0.0" classname="com.tekarch.testcases.LoginTC">
    <ignored/>
  </testcase> <!-- checkInvalidLogin -->
  <testcase name="@BeforeSuite initDependencies" time="0.0" classname="com.tekarch.utilities.TestBase">
    <ignored/>
  </testcase> <!-- @BeforeSuite initDependencies -->
  <testcase name="@AfterSuite closeDependencies" time="0.0" classname="com.tekarch.utilities.TestBase">
    <ignored/>
  </testcase> <!-- @AfterSuite closeDependencies -->
  <testcase name="checkLogout" time="0.0" classname="com.tekarch.testcases.LoginTC">
    <ignored/>
  </testcase> <!-- checkLogout -->
</testsuite> <!-- Login -->
