<?xml version="1.0" encoding="UTF-8"?>
<!-- Generated by org.testng.reporters.JUnitXMLReporter -->
<testsuite hostname="Naresh-HP" ignored="1" name="CalculatorTest" tests="5" failures="5" timestamp="2020-06-16T00:17:54 PDT" time="0.099" errors="0">
  <testcase name="checkAddition" time="0.014" classname="com.tekarch.testcases.CalculatorTC">
    <failure type="java.lang.NullPointerException">
      <![CDATA[java.lang.NullPointerException
at com.tekarch.testcases.CalculatorTC.checkAddition(CalculatorTC.java:25)
at java.util.ArrayList.forEach(Unknown Source)
... Removed 27 stack frames]]>
    </failure>
  </testcase> <!-- checkAddition -->
  <testcase name="checkDivision" time="0.001" classname="com.tekarch.testcases.CalculatorTC">
    <failure type="java.lang.NullPointerException">
      <![CDATA[java.lang.NullPointerException
at com.tekarch.testcases.CalculatorTC.checkDivision(CalculatorTC.java:43)
at java.util.ArrayList.forEach(Unknown Source)
... Removed 27 stack frames]]>
    </failure>
  </testcase> <!-- checkDivision -->
  <testcase name="checkMultiplication" time="0.002" classname="com.tekarch.testcases.CalculatorTC">
    <failure type="java.lang.NullPointerException">
      <![CDATA[java.lang.NullPointerException
at com.tekarch.testcases.CalculatorTC.checkMultiplication(CalculatorTC.java:37)
at java.util.ArrayList.forEach(Unknown Source)
... Removed 27 stack frames]]>
    </failure>
  </testcase> <!-- checkMultiplication -->
  <testcase name="checkSubtraction" time="0.001" classname="com.tekarch.testcases.CalculatorTC">
    <failure type="java.lang.NullPointerException">
      <![CDATA[java.lang.NullPointerException
at com.tekarch.testcases.CalculatorTC.checkSubtraction(CalculatorTC.java:31)
at java.util.ArrayList.forEach(Unknown Source)
... Removed 27 stack frames]]>
    </failure>
  </testcase> <!-- checkSubtraction -->
  <testcase name="checkValidLogin" time="0.004" classname="com.tekarch.testcases.LoginTC">
    <failure type="java.lang.NullPointerException">
      <![CDATA[java.lang.NullPointerException
at com.tekarch.testcases.LoginTC.checkValidLogin(LoginTC.java:48)
at java.util.ArrayList.forEach(Unknown Source)
... Removed 27 stack frames]]>
    </failure>
  </testcase> <!-- checkValidLogin -->
  <testcase name="checkInvalidLogin" time="0.0" classname="com.tekarch.testcases.LoginTC">
    <ignored/>
  </testcase> <!-- checkInvalidLogin -->
</testsuite> <!-- CalculatorTest -->
