<?xml version="1.0" encoding="UTF-8"?>
<!-- Generated by org.testng.reporters.JUnitXMLReporter -->
<testsuite hostname="Naresh-HP" ignored="1" name="LoginTest" tests="1" failures="1" timestamp="2020-06-16T00:58:53 PDT" time="0.083" errors="0">
  <testcase name="checkValidLogin" time="0.013" classname="com.tekarch.testcases.LoginTC">
    <failure type="java.lang.NullPointerException">
      <![CDATA[java.lang.NullPointerException
at com.tekarch.testcases.LoginTC.checkValidLogin(LoginTC.java:48)
at java.util.ArrayList.forEach(Unknown Source)
... Removed 27 stack frames]]>
    </failure>
  </testcase> <!-- checkValidLogin -->
  <testcase name="checkInvalidLogin" time="0.0" classname="com.tekarch.testcases.LoginTC">
    <ignored/>
  </testcase> <!-- checkInvalidLogin -->
</testsuite> <!-- LoginTest -->
